[Mon Dec 20 07:03:15.542392 2021] [ssl:warn] [pid 5000:tid 560] AH01909: www.example.com:443:0 server certificate does NOT include an ID which matches the server name
[Mon Dec 20 07:03:15.589480 2021] [ssl:warn] [pid 5000:tid 560] AH01909: www.example.com:443:0 server certificate does NOT include an ID which matches the server name
[Mon Dec 20 07:03:15.636306 2021] [mpm_winnt:notice] [pid 5000:tid 560] AH00455: Apache/2.4.51 (Win64) OpenSSL/1.1.1l PHP/7.4.26 configured -- resuming normal operations
[Mon Dec 20 07:03:15.636306 2021] [mpm_winnt:notice] [pid 5000:tid 560] AH00456: Apache Lounge VC15 Server built: Oct  8 2021 10:03:59
[Mon Dec 20 07:03:15.636306 2021] [core:notice] [pid 5000:tid 560] AH00094: Command line: 'C:\\xampp\\apache\\bin\\httpd.exe -d C:/xampp/apache'
[Mon Dec 20 07:03:15.651621 2021] [mpm_winnt:notice] [pid 5000:tid 560] AH00418: Parent: Created child process 3884
[Mon Dec 20 07:03:16.104715 2021] [ssl:warn] [pid 3884:tid 552] AH01909: www.example.com:443:0 server certificate does NOT include an ID which matches the server name
[Mon Dec 20 07:03:16.167601 2021] [ssl:warn] [pid 3884:tid 552] AH01909: www.example.com:443:0 server certificate does NOT include an ID which matches the server name
[Mon Dec 20 07:03:16.198603 2021] [mpm_winnt:notice] [pid 3884:tid 552] AH00354: Child: Starting 150 worker threads.
[Mon Dec 20 07:04:15.275262 2021] [ssl:warn] [pid 1552:tid 564] AH01909: www.example.com:443:0 server certificate does NOT include an ID which matches the server name
[Mon Dec 20 07:04:15.337710 2021] [ssl:warn] [pid 1552:tid 564] AH01909: www.example.com:443:0 server certificate does NOT include an ID which matches the server name
[Mon Dec 20 07:04:15.352761 2021] [mpm_winnt:notice] [pid 1552:tid 564] AH00455: Apache/2.4.51 (Win64) OpenSSL/1.1.1l PHP/7.4.26 configured -- resuming normal operations
[Mon Dec 20 07:04:15.352761 2021] [mpm_winnt:notice] [pid 1552:tid 564] AH00456: Apache Lounge VC15 Server built: Oct  8 2021 10:03:59
[Mon Dec 20 07:04:15.352761 2021] [core:notice] [pid 1552:tid 564] AH00094: Command line: 'c:\\xampp\\apache\\bin\\httpd.exe -d C:/xampp/apache'
[Mon Dec 20 07:04:15.368461 2021] [mpm_winnt:notice] [pid 1552:tid 564] AH00418: Parent: Created child process 1576
[Mon Dec 20 07:04:15.665111 2021] [ssl:warn] [pid 1576:tid 156] AH01909: www.example.com:443:0 server certificate does NOT include an ID which matches the server name
[Mon Dec 20 07:04:15.712033 2021] [ssl:warn] [pid 1576:tid 156] AH01909: www.example.com:443:0 server certificate does NOT include an ID which matches the server name
[Mon Dec 20 07:04:15.744594 2021] [mpm_winnt:notice] [pid 1576:tid 156] AH00354: Child: Starting 150 worker threads.
[Mon Dec 20 07:08:51.755861 2021] [php7:notice] [pid 1576:tid 1872] [client ::1:49888] WordPress database error Unknown column 'wp_' in 'field list' for query SELECT wp_, referer: http://localhost/tam/wp-admin/setup-config.php?step=1
[Mon Dec 20 07:26:33.492875 2021] [php7:error] [pid 1576:tid 1812] [client ::1:58700] PHP Fatal error:  Maximum execution time of 120 seconds exceeded in C:\\xampp\\htdocs\\Tam\\wp-includes\\Requests\\Transport\\cURL.php on line 165, referer: http://localhost/tam/wp-admin/plugin-install.php?s=woo&tab=search&type=term
[Mon Dec 20 07:29:13.880272 2021] [access_compat:error] [pid 1576:tid 1804] [client ::1:58943] AH01797: client denied by server configuration: C:/xampp/htdocs/Tam/wp-content/uploads/woocommerce_uploads/, referer: http://localhost/tam/wp-content/uploads/woocommerce_uploads/
[Wed Dec 22 05:28:23.434705 2021] [ssl:warn] [pid 960:tid 564] AH01909: www.example.com:443:0 server certificate does NOT include an ID which matches the server name
[Wed Dec 22 05:28:23.496975 2021] [core:warn] [pid 960:tid 564] AH00098: pid file C:/xampp/apache/logs/httpd.pid overwritten -- Unclean shutdown of previous Apache run?
[Wed Dec 22 05:28:23.512815 2021] [ssl:warn] [pid 960:tid 564] AH01909: www.example.com:443:0 server certificate does NOT include an ID which matches the server name
[Wed Dec 22 05:28:24.418972 2021] [mpm_winnt:notice] [pid 960:tid 564] AH00455: Apache/2.4.51 (Win64) OpenSSL/1.1.1l PHP/7.4.26 configured -- resuming normal operations
[Wed Dec 22 05:28:24.418972 2021] [mpm_winnt:notice] [pid 960:tid 564] AH00456: Apache Lounge VC15 Server built: Oct  8 2021 10:03:59
[Wed Dec 22 05:28:24.418972 2021] [core:notice] [pid 960:tid 564] AH00094: Command line: 'c:\\xampp\\apache\\bin\\httpd.exe -d C:/xampp/apache'
[Wed Dec 22 05:28:24.418972 2021] [mpm_winnt:notice] [pid 960:tid 564] AH00418: Parent: Created child process 6424
[Wed Dec 22 05:28:25.169119 2021] [ssl:warn] [pid 6424:tid 588] AH01909: www.example.com:443:0 server certificate does NOT include an ID which matches the server name
[Wed Dec 22 05:28:25.263204 2021] [ssl:warn] [pid 6424:tid 588] AH01909: www.example.com:443:0 server certificate does NOT include an ID which matches the server name
[Wed Dec 22 05:28:25.294685 2021] [mpm_winnt:notice] [pid 6424:tid 588] AH00354: Child: Starting 150 worker threads.
[Wed Dec 22 05:31:37.710111 2021] [php7:warn] [pid 6424:tid 1844] [client ::1:50171] PHP Warning:  constant(): Couldn't find constant WP_ENVIRONMENT_TYPE in C:\\xampp\\htdocs\\Tam\\wp-content\\plugins\\woocommerce\\packages\\woocommerce-admin\\src\\Schedulers\\MailchimpScheduler.php on line 90, referer: http://localhost/tam/wp-cron.php?doing_wp_cron=1640179877.2076640129089355468750
[Wed Dec 22 05:58:53.204731 2021] [access_compat:error] [pid 6424:tid 1824] [client ::1:52149] AH01797: client denied by server configuration: C:/xampp/htdocs/Tam/wp-content/uploads/woocommerce_uploads/, referer: http://localhost/tam/wp-content/uploads/woocommerce_uploads/
[Wed Dec 22 22:22:52.274241 2021] [php7:error] [pid 6424:tid 1828] [client ::1:56635] PHP Fatal error:  Maximum execution time of 120 seconds exceeded in C:\\xampp\\htdocs\\Tam\\wp-includes\\Requests\\Transport\\cURL.php on line 165, referer: http://localhost/tam/wp-admin/themes.php?page=et_shopper&tab=actions_required
[Wed Dec 22 22:41:02.891630 2021] [php7:notice] [pid 6424:tid 1828] [client ::1:57001] WordPress database error Unknown column '0' in 'field list' for query INSERT INTO `wp_rank_math_internal_meta` (`object_id`, `internal_link_count`, `external_link_count`, `0`) VALUES (2, '0', '0', '') made by do_action('wp_ajax_envo_ajax_import_xml'), WP_Hook->do_action, WP_Hook->apply_filters, EnvoThemes_Demos->ajax_import_xml, wp_delete_post, do_action('delete_post'), WP_Hook->do_action, WP_Hook->apply_filters, RankMath\\Links\\Links->delete_post, RankMath\\Links\\Storage->update_link_counts, RankMath\\Links\\Storage->save_meta_data, referer: http://localhost/tam/wp-admin/admin.php?page=envo_setup&step=demo
[Wed Dec 22 22:41:03.159502 2021] [php7:notice] [pid 6424:tid 1828] [client ::1:57001] WordPress database error Unknown column '0' in 'field list' for query UPDATE `wp_rank_math_internal_meta` SET `internal_link_count` = '0', `external_link_count` = '0', `0` = '' WHERE `object_id` = 1 made by do_action('wp_ajax_envo_ajax_import_xml'), WP_Hook->do_action, WP_Hook->apply_filters, EnvoThemes_Demos->ajax_import_xml, wp_delete_post, do_action('delete_post'), WP_Hook->do_action, WP_Hook->apply_filters, RankMath\\Links\\Links->delete_post, RankMath\\Links\\Storage->update_link_counts, RankMath\\Links\\Storage->save_meta_data, referer: http://localhost/tam/wp-admin/admin.php?page=envo_setup&step=demo
libpng warning: iCCP: known incorrect sRGB profile
[Wed Dec 22 22:43:00.953502 2021] [php7:error] [pid 6424:tid 1828] [client ::1:57001] PHP Fatal error:  Maximum execution time of 120 seconds exceeded in C:\\xampp\\htdocs\\Tam\\wp-includes\\wp-db.php on line 2056, referer: http://localhost/tam/wp-admin/admin.php?page=envo_setup&step=demo
[Wed Dec 22 22:43:06.513138 2021] [php7:warn] [pid 6424:tid 1828] [client ::1:57368] PHP Warning:  unlink(): http does not allow unlinking in C:\\xampp\\htdocs\\Tam\\wp-content\\plugins\\envothemes-demo-import\\includes\\panel\\classes\\importers\\class-settings-importer.php on line 28, referer: http://localhost/tam/wp-admin/admin.php?page=envo_setup&step=demo
[Fri Dec 24 07:51:43.936772 2021] [ssl:warn] [pid 2564:tid 544] AH01909: www.example.com:443:0 server certificate does NOT include an ID which matches the server name
[Fri Dec 24 07:51:43.987938 2021] [core:warn] [pid 2564:tid 544] AH00098: pid file C:/xampp/apache/logs/httpd.pid overwritten -- Unclean shutdown of previous Apache run?
[Fri Dec 24 07:51:43.987938 2021] [ssl:warn] [pid 2564:tid 544] AH01909: www.example.com:443:0 server certificate does NOT include an ID which matches the server name
[Fri Dec 24 07:51:44.539494 2021] [mpm_winnt:notice] [pid 2564:tid 544] AH00455: Apache/2.4.51 (Win64) OpenSSL/1.1.1l PHP/7.4.26 configured -- resuming normal operations
[Fri Dec 24 07:51:44.539494 2021] [mpm_winnt:notice] [pid 2564:tid 544] AH00456: Apache Lounge VC15 Server built: Oct  8 2021 10:03:59
[Fri Dec 24 07:51:44.539494 2021] [core:notice] [pid 2564:tid 544] AH00094: Command line: 'c:\\xampp\\apache\\bin\\httpd.exe -d C:/xampp/apache'
[Fri Dec 24 07:51:44.539494 2021] [mpm_winnt:notice] [pid 2564:tid 544] AH00418: Parent: Created child process 6248
[Fri Dec 24 07:51:45.013943 2021] [ssl:warn] [pid 6248:tid 568] AH01909: www.example.com:443:0 server certificate does NOT include an ID which matches the server name
[Fri Dec 24 07:51:45.076086 2021] [ssl:warn] [pid 6248:tid 568] AH01909: www.example.com:443:0 server certificate does NOT include an ID which matches the server name
[Fri Dec 24 07:51:45.111481 2021] [mpm_winnt:notice] [pid 6248:tid 568] AH00354: Child: Starting 150 worker threads.
[Fri Dec 24 10:04:54.317370 2021] [php7:notice] [pid 6248:tid 1824] [client ::1:50508] MS_Aq_Resize.process() error: Image file does not exist (or is not an image): C:\\xampp\\htdocs\\Tam/wp-content/uploads/2012/10/13.jpg, referer: http://localhost/tam/wp-admin/admin.php?page=master-slider
[Fri Dec 24 10:04:54.318285 2021] [php7:notice] [pid 6248:tid 1824] [client ::1:50508] MS_Aq_Resize.process() error: Image file does not exist (or is not an image): C:\\xampp\\htdocs\\Tam/wp-content/uploads/2012/10/8.jpg, referer: http://localhost/tam/wp-admin/admin.php?page=master-slider
[Fri Dec 24 10:04:54.318285 2021] [php7:notice] [pid 6248:tid 1824] [client ::1:50508] MS_Aq_Resize.process() error: Image file does not exist (or is not an image): C:\\xampp\\htdocs\\Tam/wp-content/uploads/2012/10/2.jpg, referer: http://localhost/tam/wp-admin/admin.php?page=master-slider
[Fri Dec 24 10:04:54.319886 2021] [php7:notice] [pid 6248:tid 1824] [client ::1:50508] MS_Aq_Resize.process() error: Image file does not exist (or is not an image): C:\\xampp\\htdocs\\Tam/wp-content/uploads/2012/10/11.jpg, referer: http://localhost/tam/wp-admin/admin.php?page=master-slider
[Fri Dec 24 10:04:54.319886 2021] [php7:notice] [pid 6248:tid 1824] [client ::1:50508] MS_Aq_Resize.process() error: Image file does not exist (or is not an image): C:\\xampp\\htdocs\\Tam/wp-content/uploads/2012/10/121.jpg, referer: http://localhost/tam/wp-admin/admin.php?page=master-slider
[Fri Dec 24 10:04:54.319886 2021] [php7:notice] [pid 6248:tid 1824] [client ::1:50508] MS_Aq_Resize.process() error: Image file does not exist (or is not an image): C:\\xampp\\htdocs\\Tam/wp-content/uploads/2012/10/3.jpg, referer: http://localhost/tam/wp-admin/admin.php?page=master-slider
[Fri Dec 24 10:04:54.320551 2021] [php7:notice] [pid 6248:tid 1824] [client ::1:50508] MS_Aq_Resize.process() error: Image file does not exist (or is not an image): C:\\xampp\\htdocs\\Tam/wp-content/uploads/2012/10/9.jpg, referer: http://localhost/tam/wp-admin/admin.php?page=master-slider
[Fri Dec 24 10:04:54.320551 2021] [php7:notice] [pid 6248:tid 1824] [client ::1:50508] MS_Aq_Resize.process() error: Image file does not exist (or is not an image): C:\\xampp\\htdocs\\Tam/wp-content/uploads/2012/10/4.jpg, referer: http://localhost/tam/wp-admin/admin.php?page=master-slider
[Fri Dec 24 10:04:54.320551 2021] [php7:notice] [pid 6248:tid 1824] [client ::1:50508] MS_Aq_Resize.process() error: Image file does not exist (or is not an image): C:\\xampp\\htdocs\\Tam/wp-content/uploads/2012/10/16.jpg, referer: http://localhost/tam/wp-admin/admin.php?page=master-slider
[Fri Dec 24 10:04:54.320551 2021] [php7:notice] [pid 6248:tid 1824] [client ::1:50508] MS_Aq_Resize.process() error: Image file does not exist (or is not an image): C:\\xampp\\htdocs\\Tam/wp-content/uploads/2012/10/151.jpg, referer: http://localhost/tam/wp-admin/admin.php?page=master-slider
[Fri Dec 24 10:04:54.322397 2021] [php7:notice] [pid 6248:tid 1824] [client ::1:50508] MS_Aq_Resize.process() error: Image file does not exist (or is not an image): C:\\xampp\\htdocs\\Tam/wp-content/uploads/2012/10/13.jpg, referer: http://localhost/tam/wp-admin/admin.php?page=master-slider
[Fri Dec 24 10:04:54.322397 2021] [php7:notice] [pid 6248:tid 1824] [client ::1:50508] MS_Aq_Resize.process() error: Image file does not exist (or is not an image): C:\\xampp\\htdocs\\Tam/wp-content/uploads/2012/10/8.jpg, referer: http://localhost/tam/wp-admin/admin.php?page=master-slider
[Fri Dec 24 10:04:54.323757 2021] [php7:notice] [pid 6248:tid 1824] [client ::1:50508] MS_Aq_Resize.process() error: Image file does not exist (or is not an image): C:\\xampp\\htdocs\\Tam/wp-content/uploads/2012/10/2.jpg, referer: http://localhost/tam/wp-admin/admin.php?page=master-slider
[Fri Dec 24 10:04:54.323757 2021] [php7:notice] [pid 6248:tid 1824] [client ::1:50508] MS_Aq_Resize.process() error: Image file does not exist (or is not an image): C:\\xampp\\htdocs\\Tam/wp-content/uploads/2012/10/11.jpg, referer: http://localhost/tam/wp-admin/admin.php?page=master-slider
[Fri Dec 24 10:04:54.324344 2021] [php7:notice] [pid 6248:tid 1824] [client ::1:50508] MS_Aq_Resize.process() error: Image file does not exist (or is not an image): C:\\xampp\\htdocs\\Tam/wp-content/uploads/2012/10/121.jpg, referer: http://localhost/tam/wp-admin/admin.php?page=master-slider
[Fri Dec 24 10:04:54.324344 2021] [php7:notice] [pid 6248:tid 1824] [client ::1:50508] MS_Aq_Resize.process() error: Image file does not exist (or is not an image): C:\\xampp\\htdocs\\Tam/wp-content/uploads/2012/10/3.jpg, referer: http://localhost/tam/wp-admin/admin.php?page=master-slider
[Fri Dec 24 10:04:54.324344 2021] [php7:notice] [pid 6248:tid 1824] [client ::1:50508] MS_Aq_Resize.process() error: Image file does not exist (or is not an image): C:\\xampp\\htdocs\\Tam/wp-content/uploads/2012/10/9.jpg, referer: http://localhost/tam/wp-admin/admin.php?page=master-slider
[Fri Dec 24 10:04:54.325576 2021] [php7:notice] [pid 6248:tid 1824] [client ::1:50508] MS_Aq_Resize.process() error: Image file does not exist (or is not an image): C:\\xampp\\htdocs\\Tam/wp-content/uploads/2012/10/4.jpg, referer: http://localhost/tam/wp-admin/admin.php?page=master-slider
[Fri Dec 24 10:04:54.325576 2021] [php7:notice] [pid 6248:tid 1824] [client ::1:50508] MS_Aq_Resize.process() error: Image file does not exist (or is not an image): C:\\xampp\\htdocs\\Tam/wp-content/uploads/2012/10/16.jpg, referer: http://localhost/tam/wp-admin/admin.php?page=master-slider
[Fri Dec 24 10:04:54.325576 2021] [php7:notice] [pid 6248:tid 1824] [client ::1:50508] MS_Aq_Resize.process() error: Image file does not exist (or is not an image): C:\\xampp\\htdocs\\Tam/wp-content/uploads/2012/10/151.jpg, referer: http://localhost/tam/wp-admin/admin.php?page=master-slider
[Fri Dec 24 10:04:54.338336 2021] [php7:notice] [pid 6248:tid 1824] [client ::1:50508] MS_Aq_Resize.process() error: Image file does not exist (or is not an image): C:\\xampp\\htdocs\\Tam/wp-content/uploads/2012/10/13.jpg, referer: http://localhost/tam/wp-admin/admin.php?page=master-slider
[Fri Dec 24 10:04:54.339286 2021] [php7:notice] [pid 6248:tid 1824] [client ::1:50508] MS_Aq_Resize.process() error: Image file does not exist (or is not an image): C:\\xampp\\htdocs\\Tam/wp-content/uploads/2012/10/8.jpg, referer: http://localhost/tam/wp-admin/admin.php?page=master-slider
[Fri Dec 24 10:04:54.339286 2021] [php7:notice] [pid 6248:tid 1824] [client ::1:50508] MS_Aq_Resize.process() error: Image file does not exist (or is not an image): C:\\xampp\\htdocs\\Tam/wp-content/uploads/2012/10/2.jpg, referer: http://localhost/tam/wp-admin/admin.php?page=master-slider
[Fri Dec 24 10:04:54.340362 2021] [php7:notice] [pid 6248:tid 1824] [client ::1:50508] MS_Aq_Resize.process() error: Image file does not exist (or is not an image): C:\\xampp\\htdocs\\Tam/wp-content/uploads/2012/10/11.jpg, referer: http://localhost/tam/wp-admin/admin.php?page=master-slider
[Fri Dec 24 10:04:54.340362 2021] [php7:notice] [pid 6248:tid 1824] [client ::1:50508] MS_Aq_Resize.process() error: Image file does not exist (or is not an image): C:\\xampp\\htdocs\\Tam/wp-content/uploads/2012/10/121.jpg, referer: http://localhost/tam/wp-admin/admin.php?page=master-slider
[Fri Dec 24 10:04:54.341699 2021] [php7:notice] [pid 6248:tid 1824] [client ::1:50508] MS_Aq_Resize.process() error: Image file does not exist (or is not an image): C:\\xampp\\htdocs\\Tam/wp-content/uploads/2012/10/3.jpg, referer: http://localhost/tam/wp-admin/admin.php?page=master-slider
[Fri Dec 24 10:04:54.343306 2021] [php7:notice] [pid 6248:tid 1824] [client ::1:50508] MS_Aq_Resize.process() error: Image file does not exist (or is not an image): C:\\xampp\\htdocs\\Tam/wp-content/uploads/2012/10/9.jpg, referer: http://localhost/tam/wp-admin/admin.php?page=master-slider
[Fri Dec 24 10:04:54.344388 2021] [php7:notice] [pid 6248:tid 1824] [client ::1:50508] MS_Aq_Resize.process() error: Image file does not exist (or is not an image): C:\\xampp\\htdocs\\Tam/wp-content/uploads/2012/10/4.jpg, referer: http://localhost/tam/wp-admin/admin.php?page=master-slider
[Fri Dec 24 10:04:54.344388 2021] [php7:notice] [pid 6248:tid 1824] [client ::1:50508] MS_Aq_Resize.process() error: Image file does not exist (or is not an image): C:\\xampp\\htdocs\\Tam/wp-content/uploads/2012/10/16.jpg, referer: http://localhost/tam/wp-admin/admin.php?page=master-slider
[Fri Dec 24 10:04:54.344388 2021] [php7:notice] [pid 6248:tid 1824] [client ::1:50508] MS_Aq_Resize.process() error: Image file does not exist (or is not an image): C:\\xampp\\htdocs\\Tam/wp-content/uploads/2012/10/151.jpg, referer: http://localhost/tam/wp-admin/admin.php?page=master-slider
[Sat Dec 25 07:34:44.963835 2021] [ssl:warn] [pid 6608:tid 568] AH01909: www.example.com:443:0 server certificate does NOT include an ID which matches the server name
[Sat Dec 25 07:34:45.055821 2021] [core:warn] [pid 6608:tid 568] AH00098: pid file C:/xampp/apache/logs/httpd.pid overwritten -- Unclean shutdown of previous Apache run?
[Sat Dec 25 07:34:45.061118 2021] [ssl:warn] [pid 6608:tid 568] AH01909: www.example.com:443:0 server certificate does NOT include an ID which matches the server name
[Sat Dec 25 07:34:46.551719 2021] [mpm_winnt:notice] [pid 6608:tid 568] AH00455: Apache/2.4.51 (Win64) OpenSSL/1.1.1l PHP/7.4.26 configured -- resuming normal operations
[Sat Dec 25 07:34:46.551719 2021] [mpm_winnt:notice] [pid 6608:tid 568] AH00456: Apache Lounge VC15 Server built: Oct  8 2021 10:03:59
[Sat Dec 25 07:34:46.551719 2021] [core:notice] [pid 6608:tid 568] AH00094: Command line: 'c:\\xampp\\apache\\bin\\httpd.exe -d C:/xampp/apache'
[Sat Dec 25 07:34:46.605228 2021] [mpm_winnt:notice] [pid 6608:tid 568] AH00418: Parent: Created child process 7028
[Sat Dec 25 07:34:47.780431 2021] [ssl:warn] [pid 7028:tid 568] AH01909: www.example.com:443:0 server certificate does NOT include an ID which matches the server name
[Sat Dec 25 07:34:47.825305 2021] [ssl:warn] [pid 7028:tid 568] AH01909: www.example.com:443:0 server certificate does NOT include an ID which matches the server name
[Sat Dec 25 07:34:47.951356 2021] [mpm_winnt:notice] [pid 7028:tid 568] AH00354: Child: Starting 150 worker threads.
[Sat Dec 25 23:34:49.442253 2021] [ssl:warn] [pid 3572:tid 560] AH01909: www.example.com:443:0 server certificate does NOT include an ID which matches the server name
[Sat Dec 25 23:34:49.488951 2021] [core:warn] [pid 3572:tid 560] AH00098: pid file C:/xampp/apache/logs/httpd.pid overwritten -- Unclean shutdown of previous Apache run?
[Sat Dec 25 23:34:49.488951 2021] [ssl:warn] [pid 3572:tid 560] AH01909: www.example.com:443:0 server certificate does NOT include an ID which matches the server name
[Sat Dec 25 23:34:49.848853 2021] [mpm_winnt:notice] [pid 3572:tid 560] AH00455: Apache/2.4.51 (Win64) OpenSSL/1.1.1l PHP/7.4.26 configured -- resuming normal operations
[Sat Dec 25 23:34:49.848853 2021] [mpm_winnt:notice] [pid 3572:tid 560] AH00456: Apache Lounge VC15 Server built: Oct  8 2021 10:03:59
[Sat Dec 25 23:34:49.848853 2021] [core:notice] [pid 3572:tid 560] AH00094: Command line: 'c:\\xampp\\apache\\bin\\httpd.exe -d C:/xampp/apache'
[Sat Dec 25 23:34:49.848853 2021] [mpm_winnt:notice] [pid 3572:tid 560] AH00418: Parent: Created child process 5836
[Sat Dec 25 23:34:50.176637 2021] [ssl:warn] [pid 5836:tid 568] AH01909: www.example.com:443:0 server certificate does NOT include an ID which matches the server name
[Sat Dec 25 23:34:50.223179 2021] [ssl:warn] [pid 5836:tid 568] AH01909: www.example.com:443:0 server certificate does NOT include an ID which matches the server name
[Sat Dec 25 23:34:50.254619 2021] [mpm_winnt:notice] [pid 5836:tid 568] AH00354: Child: Starting 150 worker threads.
[Sun Dec 26 00:32:57.173262 2021] [access_compat:error] [pid 5836:tid 1852] [client ::1:50029] AH01797: client denied by server configuration: C:/xampp/htdocs/Tam/wp-content/uploads/woocommerce_uploads/, referer: http://localhost/tam/wp-content/uploads/woocommerce_uploads/
